{"/var/www/html/react_frontend/src/App.tsx": {"path":"/var/www/html/react_frontend/src/App.tsx","statementMap":{"0":{"start":{"line":10,"column":13},"end":{"line":10,"column":47}},"1":{"start":{"line":10,"column":24},"end":{"line":10,"column":46}},"2":{"start":{"line":11,"column":14},"end":{"line":11,"column":49}},"3":{"start":{"line":11,"column":25},"end":{"line":11,"column":48}},"4":{"start":{"line":12,"column":17},"end":{"line":12,"column":55}},"5":{"start":{"line":12,"column":28},"end":{"line":12,"column":54}},"6":{"start":{"line":16,"column":1},"end":{"line":16,"column":32}},"7":{"start":{"line":19,"column":1},"end":{"line":22,"column":4}},"8":{"start":{"line":20,"column":2},"end":{"line":20,"column":24}},"9":{"start":{"line":21,"column":2},"end":{"line":21,"column":23}},"10":{"start":{"line":24,"column":1},"end":{"line":34,"column":3}}},"fnMap":{"0":{"name":"(anonymous_0)","decl":{"start":{"line":10,"column":18},"end":{"line":10,"column":19}},"loc":{"start":{"line":10,"column":24},"end":{"line":10,"column":46}},"line":10},"1":{"name":"(anonymous_1)","decl":{"start":{"line":11,"column":19},"end":{"line":11,"column":20}},"loc":{"start":{"line":11,"column":25},"end":{"line":11,"column":48}},"line":11},"2":{"name":"(anonymous_2)","decl":{"start":{"line":12,"column":22},"end":{"line":12,"column":23}},"loc":{"start":{"line":12,"column":28},"end":{"line":12,"column":54}},"line":12},"3":{"name":"App","decl":{"start":{"line":14,"column":9},"end":{"line":14,"column":12}},"loc":{"start":{"line":14,"column":15},"end":{"line":35,"column":1}},"line":14},"4":{"name":"(anonymous_4)","decl":{"start":{"line":19,"column":11},"end":{"line":19,"column":12}},"loc":{"start":{"line":19,"column":17},"end":{"line":22,"column":2}},"line":19}},"branchMap":{},"s":{"0":0,"1":0,"2":0,"3":0,"4":0,"5":0,"6":0,"7":0,"8":0,"9":0,"10":0},"f":{"0":0,"1":0,"2":0,"3":0,"4":0},"b":{}}
,"/var/www/html/react_frontend/src/index.tsx": {"path":"/var/www/html/react_frontend/src/index.tsx","statementMap":{"0":{"start":{"line":9,"column":13},"end":{"line":11,"column":1}},"1":{"start":{"line":12,"column":0},"end":{"line":18,"column":2}}},"fnMap":{},"branchMap":{},"s":{"0":0,"1":0},"f":{},"b":{}}
,"/var/www/html/react_frontend/src/reportWebVitals.ts": {"path":"/var/www/html/react_frontend/src/reportWebVitals.ts","statementMap":{"0":{"start":{"line":3,"column":24},"end":{"line":13,"column":1}},"1":{"start":{"line":4,"column":2},"end":{"line":12,"column":3}},"2":{"start":{"line":5,"column":4},"end":{"line":11,"column":7}},"3":{"start":{"line":6,"column":6},"end":{"line":6,"column":26}},"4":{"start":{"line":7,"column":6},"end":{"line":7,"column":26}},"5":{"start":{"line":8,"column":6},"end":{"line":8,"column":26}},"6":{"start":{"line":9,"column":6},"end":{"line":9,"column":26}},"7":{"start":{"line":10,"column":6},"end":{"line":10,"column":27}}},"fnMap":{"0":{"name":"(anonymous_0)","decl":{"start":{"line":3,"column":24},"end":{"line":3,"column":25}},"loc":{"start":{"line":3,"column":57},"end":{"line":13,"column":1}},"line":3},"1":{"name":"(anonymous_1)","decl":{"start":{"line":5,"column":30},"end":{"line":5,"column":31}},"loc":{"start":{"line":5,"column":79},"end":{"line":11,"column":5}},"line":5}},"branchMap":{"0":{"loc":{"start":{"line":4,"column":2},"end":{"line":12,"column":3}},"type":"if","locations":[{"start":{"line":4,"column":2},"end":{"line":12,"column":3}},{"start":{},"end":{}}],"line":4},"1":{"loc":{"start":{"line":4,"column":6},"end":{"line":4,"column":52}},"type":"binary-expr","locations":[{"start":{"line":4,"column":6},"end":{"line":4,"column":17}},{"start":{"line":4,"column":21},"end":{"line":4,"column":52}}],"line":4}},"s":{"0":0,"1":0,"2":0,"3":0,"4":0,"5":0,"6":0,"7":0},"f":{"0":0,"1":0},"b":{"0":[0,0],"1":[0,0]}}
,"/var/www/html/react_frontend/src/common/common.tsx": {"path":"/var/www/html/react_frontend/src/common/common.tsx","statementMap":{"0":{"start":{"line":44,"column":52},"end":{"line":44,"column":54}},"1":{"start":{"line":45,"column":17},"end":{"line":45,"column":19}},"2":{"start":{"line":47,"column":20},"end":{"line":244,"column":1}},"3":{"start":{"line":58,"column":16},"end":{"line":58,"column":42}},"4":{"start":{"line":59,"column":8},"end":{"line":61,"column":9}},"5":{"start":{"line":60,"column":12},"end":{"line":60,"column":29}},"6":{"start":{"line":62,"column":8},"end":{"line":62,"column":24}},"7":{"start":{"line":73,"column":8},"end":{"line":73,"column":63}},"8":{"start":{"line":73,"column":37},"end":{"line":73,"column":63}},"9":{"start":{"line":74,"column":8},"end":{"line":74,"column":39}},"10":{"start":{"line":75,"column":8},"end":{"line":75,"column":52}},"11":{"start":{"line":76,"column":8},"end":{"line":76,"column":53}},"12":{"start":{"line":77,"column":8},"end":{"line":77,"column":50}},"13":{"start":{"line":78,"column":8},"end":{"line":78,"column":44}},"14":{"start":{"line":79,"column":8},"end":{"line":79,"column":31}},"15":{"start":{"line":80,"column":8},"end":{"line":80,"column":15}},"16":{"start":{"line":97,"column":8},"end":{"line":97,"column":50}},"17":{"start":{"line":97,"column":33},"end":{"line":97,"column":50}},"18":{"start":{"line":98,"column":8},"end":{"line":98,"column":78}},"19":{"start":{"line":98,"column":43},"end":{"line":98,"column":78}},"20":{"start":{"line":99,"column":8},"end":{"line":99,"column":78}},"21":{"start":{"line":99,"column":42},"end":{"line":99,"column":78}},"22":{"start":{"line":100,"column":8},"end":{"line":100,"column":43}},"23":{"start":{"line":101,"column":8},"end":{"line":101,"column":54}},"24":{"start":{"line":102,"column":8},"end":{"line":102,"column":63}},"25":{"start":{"line":103,"column":8},"end":{"line":103,"column":65}},"26":{"start":{"line":104,"column":8},"end":{"line":104,"column":62}},"27":{"start":{"line":105,"column":8},"end":{"line":105,"column":62}},"28":{"start":{"line":106,"column":8},"end":{"line":106,"column":53}},"29":{"start":{"line":107,"column":8},"end":{"line":107,"column":62}},"30":{"start":{"line":108,"column":8},"end":{"line":108,"column":64}},"31":{"start":{"line":109,"column":8},"end":{"line":109,"column":61}},"32":{"start":{"line":110,"column":8},"end":{"line":110,"column":60}},"33":{"start":{"line":111,"column":8},"end":{"line":111,"column":35}},"34":{"start":{"line":112,"column":8},"end":{"line":112,"column":15}},"35":{"start":{"line":119,"column":8},"end":{"line":119,"column":35}},"36":{"start":{"line":120,"column":8},"end":{"line":120,"column":31}},"37":{"start":{"line":128,"column":8},"end":{"line":128,"column":32}},"38":{"start":{"line":137,"column":16},"end":{"line":137,"column":55}},"39":{"start":{"line":138,"column":8},"end":{"line":142,"column":9}},"40":{"start":{"line":139,"column":12},"end":{"line":139,"column":25}},"41":{"start":{"line":141,"column":12},"end":{"line":141,"column":40}},"42":{"start":{"line":151,"column":8},"end":{"line":151,"column":32}},"43":{"start":{"line":152,"column":8},"end":{"line":152,"column":15}},"44":{"start":{"line":156,"column":8},"end":{"line":156,"column":40}},"45":{"start":{"line":156,"column":31},"end":{"line":156,"column":40}},"46":{"start":{"line":157,"column":8},"end":{"line":177,"column":9}},"47":{"start":{"line":158,"column":12},"end":{"line":165,"column":14}},"48":{"start":{"line":167,"column":20},"end":{"line":167,"column":36}},"49":{"start":{"line":168,"column":12},"end":{"line":168,"column":38}},"50":{"start":{"line":169,"column":12},"end":{"line":176,"column":13}},"51":{"start":{"line":171,"column":20},"end":{"line":171,"column":54}},"52":{"start":{"line":171,"column":47},"end":{"line":171,"column":54}},"53":{"start":{"line":174,"column":20},"end":{"line":174,"column":54}},"54":{"start":{"line":174,"column":47},"end":{"line":174,"column":54}},"55":{"start":{"line":187,"column":18},"end":{"line":187,"column":28}},"56":{"start":{"line":188,"column":8},"end":{"line":188,"column":56}},"57":{"start":{"line":189,"column":22},"end":{"line":189,"column":49}},"58":{"start":{"line":190,"column":8},"end":{"line":190,"column":88}},"59":{"start":{"line":199,"column":19},"end":{"line":199,"column":30}},"60":{"start":{"line":200,"column":28},"end":{"line":200,"column":63}},"61":{"start":{"line":201,"column":17},"end":{"line":201,"column":41}},"62":{"start":{"line":202,"column":8},"end":{"line":210,"column":9}},"63":{"start":{"line":202,"column":20},"end":{"line":202,"column":21}},"64":{"start":{"line":203,"column":18},"end":{"line":203,"column":23}},"65":{"start":{"line":204,"column":10},"end":{"line":206,"column":11}},"66":{"start":{"line":205,"column":12},"end":{"line":205,"column":31}},"67":{"start":{"line":207,"column":10},"end":{"line":209,"column":11}},"68":{"start":{"line":208,"column":12},"end":{"line":208,"column":54}},"69":{"start":{"line":211,"column":8},"end":{"line":211,"column":18}},"70":{"start":{"line":220,"column":18},"end":{"line":220,"column":41}},"71":{"start":{"line":221,"column":8},"end":{"line":241,"column":9}},"72":{"start":{"line":222,"column":12},"end":{"line":233,"column":14}},"73":{"start":{"line":224,"column":16},"end":{"line":224,"column":33}},"74":{"start":{"line":225,"column":16},"end":{"line":225,"column":35}},"75":{"start":{"line":226,"column":16},"end":{"line":226,"column":48}},"76":{"start":{"line":227,"column":16},"end":{"line":227,"column":39}},"77":{"start":{"line":228,"column":16},"end":{"line":228,"column":42}},"78":{"start":{"line":231,"column":16},"end":{"line":231,"column":44}},"79":{"start":{"line":232,"column":16},"end":{"line":232,"column":35}},"80":{"start":{"line":235,"column":12},"end":{"line":235,"column":35}},"81":{"start":{"line":236,"column":12},"end":{"line":240,"column":14}},"82":{"start":{"line":238,"column":16},"end":{"line":238,"column":33}},"83":{"start":{"line":239,"column":16},"end":{"line":239,"column":56}}},"fnMap":{"0":{"name":"(anonymous_0)","decl":{"start":{"line":57,"column":10},"end":{"line":57,"column":11}},"loc":{"start":{"line":57,"column":38},"end":{"line":64,"column":5}},"line":57},"1":{"name":"(anonymous_1)","decl":{"start":{"line":72,"column":14},"end":{"line":72,"column":15}},"loc":{"start":{"line":72,"column":59},"end":{"line":81,"column":5}},"line":72},"2":{"name":"(anonymous_2)","decl":{"start":{"line":92,"column":18},"end":{"line":92,"column":19}},"loc":{"start":{"line":96,"column":44},"end":{"line":113,"column":5}},"line":96},"3":{"name":"(anonymous_3)","decl":{"start":{"line":97,"column":41},"end":{"line":97,"column":42}},"loc":{"start":{"line":97,"column":47},"end":{"line":97,"column":49}},"line":97},"4":{"name":"(anonymous_4)","decl":{"start":{"line":118,"column":16},"end":{"line":118,"column":17}},"loc":{"start":{"line":118,"column":22},"end":{"line":121,"column":5}},"line":118},"5":{"name":"(anonymous_5)","decl":{"start":{"line":127,"column":18},"end":{"line":127,"column":19}},"loc":{"start":{"line":127,"column":41},"end":{"line":129,"column":5}},"line":127},"6":{"name":"(anonymous_6)","decl":{"start":{"line":136,"column":9},"end":{"line":136,"column":10}},"loc":{"start":{"line":136,"column":35},"end":{"line":143,"column":5}},"line":136},"7":{"name":"(anonymous_7)","decl":{"start":{"line":150,"column":21},"end":{"line":150,"column":22}},"loc":{"start":{"line":150,"column":42},"end":{"line":153,"column":5}},"line":150},"8":{"name":"(anonymous_8)","decl":{"start":{"line":155,"column":13},"end":{"line":155,"column":14}},"loc":{"start":{"line":155,"column":46},"end":{"line":178,"column":5}},"line":155},"9":{"name":"(anonymous_9)","decl":{"start":{"line":170,"column":22},"end":{"line":170,"column":23}},"loc":{"start":{"line":170,"column":54},"end":{"line":172,"column":17}},"line":170},"10":{"name":"(anonymous_10)","decl":{"start":{"line":173,"column":23},"end":{"line":173,"column":24}},"loc":{"start":{"line":173,"column":54},"end":{"line":175,"column":17}},"line":173},"11":{"name":"(anonymous_11)","decl":{"start":{"line":186,"column":15},"end":{"line":186,"column":16}},"loc":{"start":{"line":186,"column":63},"end":{"line":191,"column":5}},"line":186},"12":{"name":"(anonymous_12)","decl":{"start":{"line":198,"column":15},"end":{"line":198,"column":16}},"loc":{"start":{"line":198,"column":33},"end":{"line":212,"column":5}},"line":198},"13":{"name":"(anonymous_13)","decl":{"start":{"line":219,"column":18},"end":{"line":219,"column":19}},"loc":{"start":{"line":219,"column":24},"end":{"line":242,"column":5}},"line":219},"14":{"name":"(anonymous_14)","decl":{"start":{"line":223,"column":19},"end":{"line":223,"column":20}},"loc":{"start":{"line":223,"column":48},"end":{"line":229,"column":13}},"line":223},"15":{"name":"(anonymous_15)","decl":{"start":{"line":230,"column":20},"end":{"line":230,"column":21}},"loc":{"start":{"line":230,"column":35},"end":{"line":233,"column":13}},"line":230},"16":{"name":"(anonymous_16)","decl":{"start":{"line":237,"column":19},"end":{"line":237,"column":20}},"loc":{"start":{"line":237,"column":52},"end":{"line":240,"column":13}},"line":237}},"branchMap":{"0":{"loc":{"start":{"line":59,"column":8},"end":{"line":61,"column":9}},"type":"if","locations":[{"start":{"line":59,"column":8},"end":{"line":61,"column":9}},{"start":{},"end":{}}],"line":59},"1":{"loc":{"start":{"line":73,"column":8},"end":{"line":73,"column":63}},"type":"if","locations":[{"start":{"line":73,"column":8},"end":{"line":73,"column":63}},{"start":{},"end":{}}],"line":73},"2":{"loc":{"start":{"line":97,"column":8},"end":{"line":97,"column":50}},"type":"if","locations":[{"start":{"line":97,"column":8},"end":{"line":97,"column":50}},{"start":{},"end":{}}],"line":97},"3":{"loc":{"start":{"line":98,"column":8},"end":{"line":98,"column":78}},"type":"if","locations":[{"start":{"line":98,"column":8},"end":{"line":98,"column":78}},{"start":{},"end":{}}],"line":98},"4":{"loc":{"start":{"line":99,"column":8},"end":{"line":99,"column":78}},"type":"if","locations":[{"start":{"line":99,"column":8},"end":{"line":99,"column":78}},{"start":{},"end":{}}],"line":99},"5":{"loc":{"start":{"line":138,"column":8},"end":{"line":142,"column":9}},"type":"if","locations":[{"start":{"line":138,"column":8},"end":{"line":142,"column":9}},{"start":{"line":140,"column":15},"end":{"line":142,"column":9}}],"line":138},"6":{"loc":{"start":{"line":156,"column":8},"end":{"line":156,"column":40}},"type":"if","locations":[{"start":{"line":156,"column":8},"end":{"line":156,"column":40}},{"start":{},"end":{}}],"line":156},"7":{"loc":{"start":{"line":157,"column":8},"end":{"line":177,"column":9}},"type":"if","locations":[{"start":{"line":157,"column":8},"end":{"line":177,"column":9}},{"start":{"line":166,"column":15},"end":{"line":177,"column":9}}],"line":157},"8":{"loc":{"start":{"line":171,"column":20},"end":{"line":171,"column":54}},"type":"if","locations":[{"start":{"line":171,"column":20},"end":{"line":171,"column":54}},{"start":{},"end":{}}],"line":171},"9":{"loc":{"start":{"line":174,"column":20},"end":{"line":174,"column":54}},"type":"if","locations":[{"start":{"line":174,"column":20},"end":{"line":174,"column":54}},{"start":{},"end":{}}],"line":174},"10":{"loc":{"start":{"line":207,"column":10},"end":{"line":209,"column":11}},"type":"if","locations":[{"start":{"line":207,"column":10},"end":{"line":209,"column":11}},{"start":{},"end":{}}],"line":207},"11":{"loc":{"start":{"line":221,"column":8},"end":{"line":241,"column":9}},"type":"if","locations":[{"start":{"line":221,"column":8},"end":{"line":241,"column":9}},{"start":{"line":234,"column":15},"end":{"line":241,"column":9}}],"line":221}},"s":{"0":0,"1":0,"2":0,"3":0,"4":0,"5":0,"6":0,"7":0,"8":0,"9":0,"10":0,"11":0,"12":0,"13":0,"14":0,"15":0,"16":0,"17":0,"18":0,"19":0,"20":0,"21":0,"22":0,"23":0,"24":0,"25":0,"26":0,"27":0,"28":0,"29":0,"30":0,"31":0,"32":0,"33":0,"34":0,"35":0,"36":0,"37":0,"38":0,"39":0,"40":0,"41":0,"42":0,"43":0,"44":0,"45":0,"46":0,"47":0,"48":0,"49":0,"50":0,"51":0,"52":0,"53":0,"54":0,"55":0,"56":0,"57":0,"58":0,"59":0,"60":0,"61":0,"62":0,"63":0,"64":0,"65":0,"66":0,"67":0,"68":0,"69":0,"70":0,"71":0,"72":0,"73":0,"74":0,"75":0,"76":0,"77":0,"78":0,"79":0,"80":0,"81":0,"82":0,"83":0},"f":{"0":0,"1":0,"2":0,"3":0,"4":0,"5":0,"6":0,"7":0,"8":0,"9":0,"10":0,"11":0,"12":0,"13":0,"14":0,"15":0,"16":0},"b":{"0":[0,0],"1":[0,0],"2":[0,0],"3":[0,0],"4":[0,0],"5":[0,0],"6":[0,0],"7":[0,0],"8":[0,0],"9":[0,0],"10":[0,0],"11":[0,0]}}
,"/var/www/html/react_frontend/src/common/hu.tsx": {"path":"/var/www/html/react_frontend/src/common/hu.tsx","statementMap":{"0":{"start":{"line":1,"column":23},"end":{"line":144,"column":1}}},"fnMap":{},"branchMap":{},"s":{"0":0},"f":{},"b":{}}
,"/var/www/html/react_frontend/src/pages/Home.tsx": {"path":"/var/www/html/react_frontend/src/pages/Home.tsx","statementMap":{"0":{"start":{"line":3,"column":13},"end":{"line":7,"column":1}},"1":{"start":{"line":4,"column":1},"end":{"line":6,"column":2}}},"fnMap":{"0":{"name":"(anonymous_0)","decl":{"start":{"line":3,"column":13},"end":{"line":3,"column":14}},"loc":{"start":{"line":3,"column":19},"end":{"line":7,"column":1}},"line":3}},"branchMap":{},"s":{"0":0,"1":0},"f":{"0":0},"b":{}}
,"/var/www/html/react_frontend/src/pages/Login.tsx": {"path":"/var/www/html/react_frontend/src/pages/Login.tsx","statementMap":{"0":{"start":{"line":5,"column":14},"end":{"line":107,"column":1}},"1":{"start":{"line":8,"column":28},"end":{"line":8,"column":40}},"2":{"start":{"line":9,"column":34},"end":{"line":9,"column":46}},"3":{"start":{"line":10,"column":26},"end":{"line":10,"column":38}},"4":{"start":{"line":11,"column":14},"end":{"line":11,"column":24}},"5":{"start":{"line":18,"column":22},"end":{"line":20,"column":3}},"6":{"start":{"line":22,"column":2},"end":{"line":106,"column":4}},"7":{"start":{"line":40,"column":24},"end":{"line":40,"column":48}},"8":{"start":{"line":49,"column":25},"end":{"line":49,"column":52}},"9":{"start":{"line":86,"column":28},"end":{"line":86,"column":45}}},"fnMap":{"0":{"name":"(anonymous_0)","decl":{"start":{"line":5,"column":14},"end":{"line":5,"column":15}},"loc":{"start":{"line":5,"column":20},"end":{"line":107,"column":1}},"line":5},"1":{"name":"(anonymous_1)","decl":{"start":{"line":18,"column":22},"end":{"line":18,"column":23}},"loc":{"start":{"line":18,"column":28},"end":{"line":20,"column":3}},"line":18},"2":{"name":"(anonymous_2)","decl":{"start":{"line":40,"column":17},"end":{"line":40,"column":18}},"loc":{"start":{"line":40,"column":24},"end":{"line":40,"column":48}},"line":40},"3":{"name":"(anonymous_3)","decl":{"start":{"line":49,"column":18},"end":{"line":49,"column":19}},"loc":{"start":{"line":49,"column":25},"end":{"line":49,"column":52}},"line":49},"4":{"name":"(anonymous_4)","decl":{"start":{"line":86,"column":21},"end":{"line":86,"column":22}},"loc":{"start":{"line":86,"column":27},"end":{"line":86,"column":46}},"line":86}},"branchMap":{"0":{"loc":{"start":{"line":24,"column":4},"end":{"line":25,"column":20}},"type":"binary-expr","locations":[{"start":{"line":24,"column":5},"end":{"line":24,"column":22}},{"start":{"line":25,"column":6},"end":{"line":25,"column":19}}],"line":24}},"s":{"0":0,"1":0,"2":0,"3":0,"4":0,"5":0,"6":0,"7":0,"8":0,"9":0},"f":{"0":0,"1":0,"2":0,"3":0,"4":0},"b":{"0":[0,0]}}
,"/var/www/html/react_frontend/src/pages/Register.tsx": {"path":"/var/www/html/react_frontend/src/pages/Register.tsx","statementMap":{"0":{"start":{"line":2,"column":0},"end":{"line":2,"column":30}},"1":{"start":{"line":4,"column":17},"end":{"line":8,"column":1}},"2":{"start":{"line":5,"column":1},"end":{"line":7,"column":2}}},"fnMap":{"0":{"name":"(anonymous_0)","decl":{"start":{"line":4,"column":17},"end":{"line":4,"column":18}},"loc":{"start":{"line":4,"column":23},"end":{"line":8,"column":1}},"line":4}},"branchMap":{},"s":{"0":0,"1":0,"2":0},"f":{"0":0},"b":{}}
}
